2025-09-23 13:05:36 error: uncaughtException: argument handler must be a function
TypeError: argument handler must be a function
    at Route.<computed> [as get] (C:\Users\fruge\OneDrive\Documents\chequeo\backend\node_modules\router\lib\route.js:228:15)
    at Router.<computed> [as get] (C:\Users\fruge\OneDrive\Documents\chequeo\backend\node_modules\router\index.js:448:19)
    at Object.<anonymous> (C:\Users\fruge\OneDrive\Documents\chequeo\backend\src\routes\encuesta.routes.js:119:8)
    at Module._compile (node:internal/modules/cjs/loader:1469:14)
    at Module._extensions..js (node:internal/modules/cjs/loader:1548:10)
    at Module.load (node:internal/modules/cjs/loader:1288:32)
    at Module._load (node:internal/modules/cjs/loader:1104:12)
    at Module.require (node:internal/modules/cjs/loader:1311:19)
    at require (node:internal/modules/helpers:179:18)
    at Object.<anonymous> (C:\Users\fruge\OneDrive\Documents\chequeo\backend\src\routes\index.js:5:24)
2025-09-23 13:06:40 error: uncaughtException: argument handler must be a function
TypeError: argument handler must be a function
    at Route.<computed> [as get] (C:\Users\fruge\OneDrive\Documents\chequeo\backend\node_modules\router\lib\route.js:228:15)
    at Router.<computed> [as get] (C:\Users\fruge\OneDrive\Documents\chequeo\backend\node_modules\router\index.js:448:19)
    at Object.<anonymous> (C:\Users\fruge\OneDrive\Documents\chequeo\backend\src\routes\encuesta.routes.js:178:8)
    at Module._compile (node:internal/modules/cjs/loader:1469:14)
    at Module._extensions..js (node:internal/modules/cjs/loader:1548:10)
    at Module.load (node:internal/modules/cjs/loader:1288:32)
    at Module._load (node:internal/modules/cjs/loader:1104:12)
    at Module.require (node:internal/modules/cjs/loader:1311:19)
    at require (node:internal/modules/helpers:179:18)
    at Object.<anonymous> (C:\Users\fruge\OneDrive\Documents\chequeo\backend\src\routes\index.js:5:24)
2025-09-23 13:08:02 error: uncaughtException: argument handler must be a function
TypeError: argument handler must be a function
    at Route.<computed> [as get] (C:\Users\fruge\OneDrive\Documents\chequeo\backend\node_modules\router\lib\route.js:228:15)
    at Router.<computed> [as get] (C:\Users\fruge\OneDrive\Documents\chequeo\backend\node_modules\router\index.js:448:19)
    at Object.<anonymous> (C:\Users\fruge\OneDrive\Documents\chequeo\backend\src\routes\encuesta.routes.js:228:8)
    at Module._compile (node:internal/modules/cjs/loader:1469:14)
    at Module._extensions..js (node:internal/modules/cjs/loader:1548:10)
    at Module.load (node:internal/modules/cjs/loader:1288:32)
    at Module._load (node:internal/modules/cjs/loader:1104:12)
    at Module.require (node:internal/modules/cjs/loader:1311:19)
    at require (node:internal/modules/helpers:179:18)
    at Object.<anonymous> (C:\Users\fruge\OneDrive\Documents\chequeo\backend\src\routes\index.js:5:24)
2025-09-23 18:02:11 error: uncaughtException: catchAsync is not a function
TypeError: catchAsync is not a function
    at Object.<anonymous> (C:\Users\fruge\OneDrive\Documents\chequeo\backend\src\controllers\auth-system.controller.js:35:10)
    at Module._compile (node:internal/modules/cjs/loader:1469:14)
    at Module._extensions..js (node:internal/modules/cjs/loader:1548:10)
    at Module.load (node:internal/modules/cjs/loader:1288:32)
    at Module._load (node:internal/modules/cjs/loader:1104:12)
    at Module.require (node:internal/modules/cjs/loader:1311:19)
    at require (node:internal/modules/helpers:179:18)
    at Object.<anonymous> (C:\Users\fruge\OneDrive\Documents\chequeo\backend\src\routes\auth-system.routes.js:3:30)
    at Module._compile (node:internal/modules/cjs/loader:1469:14)
    at Module._extensions..js (node:internal/modules/cjs/loader:1548:10)
2025-09-23 18:02:40 error: uncaughtException: catchAsync is not a function
TypeError: catchAsync is not a function
    at Object.<anonymous> (C:\Users\fruge\OneDrive\Documents\chequeo\backend\src\controllers\auth-system.controller.js:35:10)
    at Module._compile (node:internal/modules/cjs/loader:1469:14)
    at Module._extensions..js (node:internal/modules/cjs/loader:1548:10)
    at Module.load (node:internal/modules/cjs/loader:1288:32)
    at Module._load (node:internal/modules/cjs/loader:1104:12)
    at Module.require (node:internal/modules/cjs/loader:1311:19)
    at require (node:internal/modules/helpers:179:18)
    at Object.<anonymous> (C:\Users\fruge\OneDrive\Documents\chequeo\backend\src\routes\auth-system.routes.js:3:30)
    at Module._compile (node:internal/modules/cjs/loader:1469:14)
    at Module._extensions..js (node:internal/modules/cjs/loader:1548:10)
2025-09-23 18:07:26 error: uncaughtException: catchAsync is not a function
TypeError: catchAsync is not a function
    at Object.<anonymous> (C:\Users\fruge\OneDrive\Documents\chequeo\backend\src\controllers\auth-system.controller.js:35:10)
    at Module._compile (node:internal/modules/cjs/loader:1469:14)
    at Module._extensions..js (node:internal/modules/cjs/loader:1548:10)
    at Module.load (node:internal/modules/cjs/loader:1288:32)
    at Module._load (node:internal/modules/cjs/loader:1104:12)
    at Module.require (node:internal/modules/cjs/loader:1311:19)
    at require (node:internal/modules/helpers:179:18)
    at Object.<anonymous> (C:\Users\fruge\OneDrive\Documents\chequeo\backend\src\routes\auth-system.routes.js:3:30)
    at Module._compile (node:internal/modules/cjs/loader:1469:14)
    at Module._extensions..js (node:internal/modules/cjs/loader:1548:10)
2025-09-23 18:09:04 error: uncaughtException: catchAsync is not a function
TypeError: catchAsync is not a function
    at Object.<anonymous> (C:\Users\fruge\OneDrive\Documents\chequeo\backend\src\controllers\auth-system.controller.js:35:10)
    at Module._compile (node:internal/modules/cjs/loader:1469:14)
    at Module._extensions..js (node:internal/modules/cjs/loader:1548:10)
    at Module.load (node:internal/modules/cjs/loader:1288:32)
    at Module._load (node:internal/modules/cjs/loader:1104:12)
    at Module.require (node:internal/modules/cjs/loader:1311:19)
    at require (node:internal/modules/helpers:179:18)
    at Object.<anonymous> (C:\Users\fruge\OneDrive\Documents\chequeo\backend\src\routes\auth-system.routes.js:3:30)
    at Module._compile (node:internal/modules/cjs/loader:1469:14)
    at Module._extensions..js (node:internal/modules/cjs/loader:1548:10)
2025-09-23 18:09:18 error: uncaughtException: catchAsync is not a function
TypeError: catchAsync is not a function
    at Object.<anonymous> (C:\Users\fruge\OneDrive\Documents\chequeo\backend\src\controllers\auth-system.controller.js:35:10)
    at Module._compile (node:internal/modules/cjs/loader:1469:14)
    at Module._extensions..js (node:internal/modules/cjs/loader:1548:10)
    at Module.load (node:internal/modules/cjs/loader:1288:32)
    at Module._load (node:internal/modules/cjs/loader:1104:12)
    at Module.require (node:internal/modules/cjs/loader:1311:19)
    at require (node:internal/modules/helpers:179:18)
    at Object.<anonymous> (C:\Users\fruge\OneDrive\Documents\chequeo\backend\src\routes\auth-system.routes.js:3:30)
    at Module._compile (node:internal/modules/cjs/loader:1469:14)
    at Module._extensions..js (node:internal/modules/cjs/loader:1548:10)
2025-09-23 18:09:32 error: uncaughtException: catchAsync is not a function
TypeError: catchAsync is not a function
    at Object.<anonymous> (C:\Users\fruge\OneDrive\Documents\chequeo\backend\src\controllers\auth-system.controller.js:35:10)
    at Module._compile (node:internal/modules/cjs/loader:1469:14)
    at Module._extensions..js (node:internal/modules/cjs/loader:1548:10)
    at Module.load (node:internal/modules/cjs/loader:1288:32)
    at Module._load (node:internal/modules/cjs/loader:1104:12)
    at Module.require (node:internal/modules/cjs/loader:1311:19)
    at require (node:internal/modules/helpers:179:18)
    at Object.<anonymous> (C:\Users\fruge\OneDrive\Documents\chequeo\backend\src\routes\auth-system.routes.js:3:30)
    at Module._compile (node:internal/modules/cjs/loader:1469:14)
    at Module._extensions..js (node:internal/modules/cjs/loader:1548:10)
2025-09-23 18:09:44 error: uncaughtException: catchAsync is not a function
TypeError: catchAsync is not a function
    at Object.<anonymous> (C:\Users\fruge\OneDrive\Documents\chequeo\backend\src\controllers\auth-system.controller.js:35:10)
    at Module._compile (node:internal/modules/cjs/loader:1469:14)
    at Module._extensions..js (node:internal/modules/cjs/loader:1548:10)
    at Module.load (node:internal/modules/cjs/loader:1288:32)
    at Module._load (node:internal/modules/cjs/loader:1104:12)
    at Module.require (node:internal/modules/cjs/loader:1311:19)
    at require (node:internal/modules/helpers:179:18)
    at Object.<anonymous> (C:\Users\fruge\OneDrive\Documents\chequeo\backend\src\routes\auth-system.routes.js:3:30)
    at Module._compile (node:internal/modules/cjs/loader:1469:14)
    at Module._extensions..js (node:internal/modules/cjs/loader:1548:10)
2025-09-23 18:24:22 error: uncaughtException: catchAsync is not a function
TypeError: catchAsync is not a function
    at Object.<anonymous> (C:\Users\fruge\OneDrive\Documents\chequeo\backend\src\controllers\auth-system.controller.js:35:10)
    at Module._compile (node:internal/modules/cjs/loader:1469:14)
    at Module._extensions..js (node:internal/modules/cjs/loader:1548:10)
    at Module.load (node:internal/modules/cjs/loader:1288:32)
    at Module._load (node:internal/modules/cjs/loader:1104:12)
    at Module.require (node:internal/modules/cjs/loader:1311:19)
    at require (node:internal/modules/helpers:179:18)
    at Object.<anonymous> (C:\Users\fruge\OneDrive\Documents\chequeo\backend\src\routes\auth-system.routes.js:3:30)
    at Module._compile (node:internal/modules/cjs/loader:1469:14)
    at Module._extensions..js (node:internal/modules/cjs/loader:1548:10)
2025-10-03 22:56:47 error: uncaughtException: Joi.alternatives(...).try(...).single is not a function
TypeError: Joi.alternatives(...).try(...).single is not a function
    at Object.<anonymous> (C:\Users\fruge\OneDrive\Documents\chequeo\backend\src\utils\validation.js:26:7)
    at Module._compile (node:internal/modules/cjs/loader:1469:14)
    at Module._extensions..js (node:internal/modules/cjs/loader:1548:10)
    at Module.load (node:internal/modules/cjs/loader:1288:32)
    at Module._load (node:internal/modules/cjs/loader:1104:12)
    at Module.require (node:internal/modules/cjs/loader:1311:19)
    at require (node:internal/modules/helpers:179:18)
    at Object.<anonymous> (C:\Users\fruge\OneDrive\Documents\chequeo\backend\src\routes\empresa.routes.js:5:31)
    at Module._compile (node:internal/modules/cjs/loader:1469:14)
    at Module._extensions..js (node:internal/modules/cjs/loader:1548:10)
2025-10-03 22:56:54 error: uncaughtException: Joi.alternatives(...).try(...).single is not a function
TypeError: Joi.alternatives(...).try(...).single is not a function
    at Object.<anonymous> (C:\Users\fruge\OneDrive\Documents\chequeo\backend\src\utils\validation.js:26:7)
    at Module._compile (node:internal/modules/cjs/loader:1469:14)
    at Module._extensions..js (node:internal/modules/cjs/loader:1548:10)
    at Module.load (node:internal/modules/cjs/loader:1288:32)
    at Module._load (node:internal/modules/cjs/loader:1104:12)
    at Module.require (node:internal/modules/cjs/loader:1311:19)
    at require (node:internal/modules/helpers:179:18)
    at Object.<anonymous> (C:\Users\fruge\OneDrive\Documents\chequeo\backend\src\routes\empresa.routes.js:5:31)
    at Module._compile (node:internal/modules/cjs/loader:1469:14)
    at Module._extensions..js (node:internal/modules/cjs/loader:1548:10)
2025-10-03 22:57:02 error: uncaughtException: Joi.alternatives(...).try(...).single is not a function
TypeError: Joi.alternatives(...).try(...).single is not a function
    at Object.<anonymous> (C:\Users\fruge\OneDrive\Documents\chequeo\backend\src\utils\validation.js:26:7)
    at Module._compile (node:internal/modules/cjs/loader:1469:14)
    at Module._extensions..js (node:internal/modules/cjs/loader:1548:10)
    at Module.load (node:internal/modules/cjs/loader:1288:32)
    at Module._load (node:internal/modules/cjs/loader:1104:12)
    at Module.require (node:internal/modules/cjs/loader:1311:19)
    at require (node:internal/modules/helpers:179:18)
    at Object.<anonymous> (C:\Users\fruge\OneDrive\Documents\chequeo\backend\src\routes\empresa.routes.js:5:31)
    at Module._compile (node:internal/modules/cjs/loader:1469:14)
    at Module._extensions..js (node:internal/modules/cjs/loader:1548:10)
2025-10-03 22:57:11 error: uncaughtException: Joi.alternatives(...).try(...).single is not a function
TypeError: Joi.alternatives(...).try(...).single is not a function
    at Object.<anonymous> (C:\Users\fruge\OneDrive\Documents\chequeo\backend\src\utils\validation.js:26:7)
    at Module._compile (node:internal/modules/cjs/loader:1469:14)
    at Module._extensions..js (node:internal/modules/cjs/loader:1548:10)
    at Module.load (node:internal/modules/cjs/loader:1288:32)
    at Module._load (node:internal/modules/cjs/loader:1104:12)
    at Module.require (node:internal/modules/cjs/loader:1311:19)
    at require (node:internal/modules/helpers:179:18)
    at Object.<anonymous> (C:\Users\fruge\OneDrive\Documents\chequeo\backend\src\routes\empresa.routes.js:5:31)
    at Module._compile (node:internal/modules/cjs/loader:1469:14)
    at Module._extensions..js (node:internal/modules/cjs/loader:1548:10)
2025-10-03 22:57:55 error: uncaughtException: Joi.alternatives(...).try(...).single is not a function
TypeError: Joi.alternatives(...).try(...).single is not a function
    at Object.<anonymous> (C:\Users\fruge\OneDrive\Documents\chequeo\backend\src\utils\validation.js:26:7)
    at Module._compile (node:internal/modules/cjs/loader:1469:14)
    at Module._extensions..js (node:internal/modules/cjs/loader:1548:10)
    at Module.load (node:internal/modules/cjs/loader:1288:32)
    at Module._load (node:internal/modules/cjs/loader:1104:12)
    at Module.require (node:internal/modules/cjs/loader:1311:19)
    at require (node:internal/modules/helpers:179:18)
    at Object.<anonymous> (C:\Users\fruge\OneDrive\Documents\chequeo\backend\src\routes\empresa.routes.js:5:31)
    at Module._compile (node:internal/modules/cjs/loader:1469:14)
    at Module._extensions..js (node:internal/modules/cjs/loader:1548:10)
2025-10-03 22:58:52 error: uncaughtException: Joi.alternatives(...).try(...).single is not a function
TypeError: Joi.alternatives(...).try(...).single is not a function
    at Object.<anonymous> (C:\Users\fruge\OneDrive\Documents\chequeo\backend\src\utils\validation.js:26:7)
    at Module._compile (node:internal/modules/cjs/loader:1469:14)
    at Module._extensions..js (node:internal/modules/cjs/loader:1548:10)
    at Module.load (node:internal/modules/cjs/loader:1288:32)
    at Module._load (node:internal/modules/cjs/loader:1104:12)
    at Module.require (node:internal/modules/cjs/loader:1311:19)
    at require (node:internal/modules/helpers:179:18)
    at Object.<anonymous> (C:\Users\fruge\OneDrive\Documents\chequeo\backend\src\routes\empresa.routes.js:5:31)
    at Module._compile (node:internal/modules/cjs/loader:1469:14)
    at Module._extensions..js (node:internal/modules/cjs/loader:1548:10)
2025-10-03 22:59:00 error: uncaughtException: Joi.alternatives(...).try(...).single is not a function
TypeError: Joi.alternatives(...).try(...).single is not a function
    at Object.<anonymous> (C:\Users\fruge\OneDrive\Documents\chequeo\backend\src\utils\validation.js:26:7)
    at Module._compile (node:internal/modules/cjs/loader:1469:14)
    at Module._extensions..js (node:internal/modules/cjs/loader:1548:10)
    at Module.load (node:internal/modules/cjs/loader:1288:32)
    at Module._load (node:internal/modules/cjs/loader:1104:12)
    at Module.require (node:internal/modules/cjs/loader:1311:19)
    at require (node:internal/modules/helpers:179:18)
    at Object.<anonymous> (C:\Users\fruge\OneDrive\Documents\chequeo\backend\src\routes\empresa.routes.js:5:31)
    at Module._compile (node:internal/modules/cjs/loader:1469:14)
    at Module._extensions..js (node:internal/modules/cjs/loader:1548:10)
2025-10-03 22:59:06 error: uncaughtException: Joi.alternatives(...).try(...).single is not a function
TypeError: Joi.alternatives(...).try(...).single is not a function
    at Object.<anonymous> (C:\Users\fruge\OneDrive\Documents\chequeo\backend\src\utils\validation.js:26:7)
    at Module._compile (node:internal/modules/cjs/loader:1469:14)
    at Module._extensions..js (node:internal/modules/cjs/loader:1548:10)
    at Module.load (node:internal/modules/cjs/loader:1288:32)
    at Module._load (node:internal/modules/cjs/loader:1104:12)
    at Module.require (node:internal/modules/cjs/loader:1311:19)
    at require (node:internal/modules/helpers:179:18)
    at Object.<anonymous> (C:\Users\fruge\OneDrive\Documents\chequeo\backend\src\routes\empresa.routes.js:5:31)
    at Module._compile (node:internal/modules/cjs/loader:1469:14)
    at Module._extensions..js (node:internal/modules/cjs/loader:1548:10)
2025-10-03 23:00:51 error: uncaughtException: Joi.alternatives(...).try(...).single is not a function
TypeError: Joi.alternatives(...).try(...).single is not a function
    at Object.<anonymous> (C:\Users\fruge\OneDrive\Documents\chequeo\backend\src\utils\validation.js:26:7)
    at Module._compile (node:internal/modules/cjs/loader:1469:14)
    at Module._extensions..js (node:internal/modules/cjs/loader:1548:10)
    at Module.load (node:internal/modules/cjs/loader:1288:32)
    at Module._load (node:internal/modules/cjs/loader:1104:12)
    at Module.require (node:internal/modules/cjs/loader:1311:19)
    at require (node:internal/modules/helpers:179:18)
    at Object.<anonymous> (C:\Users\fruge\OneDrive\Documents\chequeo\backend\src\routes\empresa.routes.js:5:31)
    at Module._compile (node:internal/modules/cjs/loader:1469:14)
    at Module._extensions..js (node:internal/modules/cjs/loader:1548:10)
2025-10-03 23:02:35 error: uncaughtException: Joi.alternatives(...).try(...).single is not a function
TypeError: Joi.alternatives(...).try(...).single is not a function
    at Object.<anonymous> (C:\Users\fruge\OneDrive\Documents\chequeo\backend\src\utils\validation.js:26:7)
    at Module._compile (node:internal/modules/cjs/loader:1469:14)
    at Module._extensions..js (node:internal/modules/cjs/loader:1548:10)
    at Module.load (node:internal/modules/cjs/loader:1288:32)
    at Module._load (node:internal/modules/cjs/loader:1104:12)
    at Module.require (node:internal/modules/cjs/loader:1311:19)
    at require (node:internal/modules/helpers:179:18)
    at Object.<anonymous> (C:\Users\fruge\OneDrive\Documents\chequeo\backend\src\routes\empresa.routes.js:5:31)
    at Module._compile (node:internal/modules/cjs/loader:1469:14)
    at Module._extensions..js (node:internal/modules/cjs/loader:1548:10)
2025-10-03 23:02:39 error: uncaughtException: Joi.alternatives(...).try(...).single is not a function
TypeError: Joi.alternatives(...).try(...).single is not a function
    at Object.<anonymous> (C:\Users\fruge\OneDrive\Documents\chequeo\backend\src\utils\validation.js:26:7)
    at Module._compile (node:internal/modules/cjs/loader:1469:14)
    at Module._extensions..js (node:internal/modules/cjs/loader:1548:10)
    at Module.load (node:internal/modules/cjs/loader:1288:32)
    at Module._load (node:internal/modules/cjs/loader:1104:12)
    at Module.require (node:internal/modules/cjs/loader:1311:19)
    at require (node:internal/modules/helpers:179:18)
    at Object.<anonymous> (C:\Users\fruge\OneDrive\Documents\chequeo\backend\src\routes\empresa.routes.js:5:31)
    at Module._compile (node:internal/modules/cjs/loader:1469:14)
    at Module._extensions..js (node:internal/modules/cjs/loader:1548:10)
2025-10-09 10:21:29 error: uncaughtException: argument handler must be a function
TypeError: argument handler must be a function
    at Route.<computed> [as get] (C:\Users\fruge\OneDrive\Documents\chequeo\backend\node_modules\router\lib\route.js:228:15)
    at Router.<computed> [as get] (C:\Users\fruge\OneDrive\Documents\chequeo\backend\node_modules\router\index.js:448:19)
    at Object.<anonymous> (C:\Users\fruge\OneDrive\Documents\chequeo\backend\src\routes\empresa.routes.js:463:8)
    at Module._compile (node:internal/modules/cjs/loader:1469:14)
    at Module._extensions..js (node:internal/modules/cjs/loader:1548:10)
    at Module.load (node:internal/modules/cjs/loader:1288:32)
    at Module._load (node:internal/modules/cjs/loader:1104:12)
    at Module.require (node:internal/modules/cjs/loader:1311:19)
    at require (node:internal/modules/helpers:179:18)
    at Object.<anonymous> (C:\Users\fruge\OneDrive\Documents\chequeo\backend\src\routes\index.js:4:23)
2025-10-09 10:22:21 error: uncaughtException: Unexpected token 'async'
C:\Users\fruge\OneDrive\Documents\chequeo\backend\src\models\empresa.model.js:1401
  static async getCompanyUsers(idEmpresa) {
         ^^^^^

SyntaxError: Unexpected token 'async'
    at wrapSafe (node:internal/modules/cjs/loader:1378:20)
    at Module._compile (node:internal/modules/cjs/loader:1428:41)
    at Module._extensions..js (node:internal/modules/cjs/loader:1548:10)
    at Module.load (node:internal/modules/cjs/loader:1288:32)
    at Module._load (node:internal/modules/cjs/loader:1104:12)
    at Module.require (node:internal/modules/cjs/loader:1311:19)
    at require (node:internal/modules/helpers:179:18)
    at Object.<anonymous> (C:\Users\fruge\OneDrive\Documents\chequeo\backend\src\controllers\empresa.controller.js:1:22)
    at Module._compile (node:internal/modules/cjs/loader:1469:14)
    at Module._extensions..js (node:internal/modules/cjs/loader:1548:10)
2025-10-10 02:36:30 error: uncaughtException: argument handler must be a function
TypeError: argument handler must be a function
    at Route.<computed> [as get] (C:\Users\fruge\OneDrive\Documents\chequeo\backend\node_modules\router\lib\route.js:228:15)
    at Router.<computed> [as get] (C:\Users\fruge\OneDrive\Documents\chequeo\backend\node_modules\router\index.js:448:19)
    at Object.<anonymous> (C:\Users\fruge\OneDrive\Documents\chequeo\backend\src\routes\encuesta.routes.js:425:8)
    at Module._compile (node:internal/modules/cjs/loader:1469:14)
    at Module._extensions..js (node:internal/modules/cjs/loader:1548:10)
    at Module.load (node:internal/modules/cjs/loader:1288:32)
    at Module._load (node:internal/modules/cjs/loader:1104:12)
    at Module.require (node:internal/modules/cjs/loader:1311:19)
    at require (node:internal/modules/helpers:179:18)
    at Object.<anonymous> (C:\Users\fruge\OneDrive\Documents\chequeo\backend\src\routes\index.js:5:24)
2025-10-10 02:41:32 error: uncaughtException: argument handler must be a function
TypeError: argument handler must be a function
    at Route.<computed> [as get] (C:\Users\fruge\OneDrive\Documents\chequeo\backend\node_modules\router\lib\route.js:228:15)
    at Router.<computed> [as get] (C:\Users\fruge\OneDrive\Documents\chequeo\backend\node_modules\router\index.js:448:19)
    at Object.<anonymous> (C:\Users\fruge\OneDrive\Documents\chequeo\backend\src\routes\encuesta.routes.js:581:8)
    at Module._compile (node:internal/modules/cjs/loader:1469:14)
    at Module._extensions..js (node:internal/modules/cjs/loader:1548:10)
    at Module.load (node:internal/modules/cjs/loader:1288:32)
    at Module._load (node:internal/modules/cjs/loader:1104:12)
    at Module.require (node:internal/modules/cjs/loader:1311:19)
    at require (node:internal/modules/helpers:179:18)
    at Object.<anonymous> (C:\Users\fruge\OneDrive\Documents\chequeo\backend\src\routes\index.js:5:24)
2025-11-13 22:51:42 error: uncaughtException: argument handler must be a function
TypeError: argument handler must be a function
    at Route.<computed> [as get] (C:\Users\fruge\OneDrive\Documents\chequeo\backend\node_modules\router\lib\route.js:228:15)
    at Router.<computed> [as get] (C:\Users\fruge\OneDrive\Documents\chequeo\backend\node_modules\router\index.js:448:19)
    at Object.<anonymous> (C:\Users\fruge\OneDrive\Documents\chequeo\backend\src\routes\empresa.routes.js:264:8)
    at Module._compile (node:internal/modules/cjs/loader:1469:14)
    at Module._extensions..js (node:internal/modules/cjs/loader:1548:10)
    at Module.load (node:internal/modules/cjs/loader:1288:32)
    at Module._load (node:internal/modules/cjs/loader:1104:12)
    at Module.require (node:internal/modules/cjs/loader:1311:19)
    at require (node:internal/modules/helpers:179:18)
    at Object.<anonymous> (C:\Users\fruge\OneDrive\Documents\chequeo\backend\src\routes\index.js:4:23)
    at Module._compile (node:internal/modules/cjs/loader:1469:14)
    at Module._extensions..js (node:internal/modules/cjs/loader:1548:10)
    at Module.load (node:internal/modules/cjs/loader:1288:32)
    at Module._load (node:internal/modules/cjs/loader:1104:12)
    at Module.require (node:internal/modules/cjs/loader:1311:19)
    at require (node:internal/modules/helpers:179:18)
2025-11-13 22:51:42 error: uncaughtException: argument handler must be a function
TypeError: argument handler must be a function
    at Route.<computed> [as get] (C:\Users\fruge\OneDrive\Documents\chequeo\backend\node_modules\router\lib\route.js:228:15)
    at Router.<computed> [as get] (C:\Users\fruge\OneDrive\Documents\chequeo\backend\node_modules\router\index.js:448:19)
    at Object.<anonymous> (C:\Users\fruge\OneDrive\Documents\chequeo\backend\src\routes\empresa.routes.js:264:8)
    at Module._compile (node:internal/modules/cjs/loader:1469:14)
    at Module._extensions..js (node:internal/modules/cjs/loader:1548:10)
    at Module.load (node:internal/modules/cjs/loader:1288:32)
    at Module._load (node:internal/modules/cjs/loader:1104:12)
    at Module.require (node:internal/modules/cjs/loader:1311:19)
    at require (node:internal/modules/helpers:179:18)
    at Object.<anonymous> (C:\Users\fruge\OneDrive\Documents\chequeo\backend\src\routes\index.js:4:23)
    at Module._compile (node:internal/modules/cjs/loader:1469:14)
    at Module._extensions..js (node:internal/modules/cjs/loader:1548:10)
    at Module.load (node:internal/modules/cjs/loader:1288:32)
    at Module._load (node:internal/modules/cjs/loader:1104:12)
    at Module.require (node:internal/modules/cjs/loader:1311:19)
    at require (node:internal/modules/helpers:179:18)
2025-11-14 00:25:06 error: uncaughtException: Unexpected token 'async'
C:\Users\fruge\OneDrive\Documents\chequeo\backend\src\utils\exporter.js:932
  static async exportEmpresaFichaToPDF(fichaData, fileName) {
         ^^^^^

SyntaxError: Unexpected token 'async'
    at wrapSafe (node:internal/modules/cjs/loader:1378:20)
    at Module._compile (node:internal/modules/cjs/loader:1428:41)
    at Module._extensions..js (node:internal/modules/cjs/loader:1548:10)
    at Module.load (node:internal/modules/cjs/loader:1288:32)
    at Module._load (node:internal/modules/cjs/loader:1104:12)
    at Module.require (node:internal/modules/cjs/loader:1311:19)
    at require (node:internal/modules/helpers:179:18)
    at Object.<anonymous> (C:\Users\fruge\OneDrive\Documents\chequeo\backend\src\controllers\empresa.controller.js:4:18)
    at Module._compile (node:internal/modules/cjs/loader:1469:14)
    at Module._extensions..js (node:internal/modules/cjs/loader:1548:10)
2025-11-14 00:25:06 error: uncaughtException: Unexpected token 'async'
C:\Users\fruge\OneDrive\Documents\chequeo\backend\src\utils\exporter.js:932
  static async exportEmpresaFichaToPDF(fichaData, fileName) {
         ^^^^^

SyntaxError: Unexpected token 'async'
    at wrapSafe (node:internal/modules/cjs/loader:1378:20)
    at Module._compile (node:internal/modules/cjs/loader:1428:41)
    at Module._extensions..js (node:internal/modules/cjs/loader:1548:10)
    at Module.load (node:internal/modules/cjs/loader:1288:32)
    at Module._load (node:internal/modules/cjs/loader:1104:12)
    at Module.require (node:internal/modules/cjs/loader:1311:19)
    at require (node:internal/modules/helpers:179:18)
    at Object.<anonymous> (C:\Users\fruge\OneDrive\Documents\chequeo\backend\src\controllers\empresa.controller.js:4:18)
    at Module._compile (node:internal/modules/cjs/loader:1469:14)
    at Module._extensions..js (node:internal/modules/cjs/loader:1548:10)
2025-11-14 00:25:20 error: uncaughtException: Unexpected token 'async'
C:\Users\fruge\OneDrive\Documents\chequeo\backend\src\utils\exporter.js:932
  static async exportEmpresaFichaToPDF(fichaData, fileName) {
         ^^^^^

SyntaxError: Unexpected token 'async'
    at wrapSafe (node:internal/modules/cjs/loader:1378:20)
    at Module._compile (node:internal/modules/cjs/loader:1428:41)
    at Module._extensions..js (node:internal/modules/cjs/loader:1548:10)
    at Module.load (node:internal/modules/cjs/loader:1288:32)
    at Module._load (node:internal/modules/cjs/loader:1104:12)
    at Module.require (node:internal/modules/cjs/loader:1311:19)
    at require (node:internal/modules/helpers:179:18)
    at Object.<anonymous> (C:\Users\fruge\OneDrive\Documents\chequeo\backend\src\controllers\empresa.controller.js:4:18)
    at Module._compile (node:internal/modules/cjs/loader:1469:14)
    at Module._extensions..js (node:internal/modules/cjs/loader:1548:10)
2025-11-14 00:25:20 error: uncaughtException: Unexpected token 'async'
C:\Users\fruge\OneDrive\Documents\chequeo\backend\src\utils\exporter.js:932
  static async exportEmpresaFichaToPDF(fichaData, fileName) {
         ^^^^^

SyntaxError: Unexpected token 'async'
    at wrapSafe (node:internal/modules/cjs/loader:1378:20)
    at Module._compile (node:internal/modules/cjs/loader:1428:41)
    at Module._extensions..js (node:internal/modules/cjs/loader:1548:10)
    at Module.load (node:internal/modules/cjs/loader:1288:32)
    at Module._load (node:internal/modules/cjs/loader:1104:12)
    at Module.require (node:internal/modules/cjs/loader:1311:19)
    at require (node:internal/modules/helpers:179:18)
    at Object.<anonymous> (C:\Users\fruge\OneDrive\Documents\chequeo\backend\src\controllers\empresa.controller.js:4:18)
    at Module._compile (node:internal/modules/cjs/loader:1469:14)
    at Module._extensions..js (node:internal/modules/cjs/loader:1548:10)
2025-11-14 00:25:37 error: uncaughtException: Unexpected token 'async'
C:\Users\fruge\OneDrive\Documents\chequeo\backend\src\utils\exporter.js:932
  static async exportEmpresaFichaToPDF(fichaData, fileName) {
         ^^^^^

SyntaxError: Unexpected token 'async'
    at wrapSafe (node:internal/modules/cjs/loader:1378:20)
    at Module._compile (node:internal/modules/cjs/loader:1428:41)
    at Module._extensions..js (node:internal/modules/cjs/loader:1548:10)
    at Module.load (node:internal/modules/cjs/loader:1288:32)
    at Module._load (node:internal/modules/cjs/loader:1104:12)
    at Module.require (node:internal/modules/cjs/loader:1311:19)
    at require (node:internal/modules/helpers:179:18)
    at Object.<anonymous> (C:\Users\fruge\OneDrive\Documents\chequeo\backend\src\controllers\empresa.controller.js:4:18)
    at Module._compile (node:internal/modules/cjs/loader:1469:14)
    at Module._extensions..js (node:internal/modules/cjs/loader:1548:10)
2025-11-14 00:39:02 error: uncaughtException: Unexpected token 'async'
C:\Users\fruge\OneDrive\Documents\chequeo\backend\src\utils\exporter.js:932
  static async exportEmpresaFichaToPDF(fichaData, fileName) {
         ^^^^^

SyntaxError: Unexpected token 'async'
    at wrapSafe (node:internal/modules/cjs/loader:1378:20)
    at Module._compile (node:internal/modules/cjs/loader:1428:41)
    at Module._extensions..js (node:internal/modules/cjs/loader:1548:10)
    at Module.load (node:internal/modules/cjs/loader:1288:32)
    at Module._load (node:internal/modules/cjs/loader:1104:12)
    at Module.require (node:internal/modules/cjs/loader:1311:19)
    at require (node:internal/modules/helpers:179:18)
    at Object.<anonymous> (C:\Users\fruge\OneDrive\Documents\chequeo\backend\src\controllers\empresa.controller.js:4:18)
    at Module._compile (node:internal/modules/cjs/loader:1469:14)
    at Module._extensions..js (node:internal/modules/cjs/loader:1548:10)
2025-11-14 00:39:02 error: uncaughtException: Unexpected token 'async'
C:\Users\fruge\OneDrive\Documents\chequeo\backend\src\utils\exporter.js:932
  static async exportEmpresaFichaToPDF(fichaData, fileName) {
         ^^^^^

SyntaxError: Unexpected token 'async'
    at wrapSafe (node:internal/modules/cjs/loader:1378:20)
    at Module._compile (node:internal/modules/cjs/loader:1428:41)
    at Module._extensions..js (node:internal/modules/cjs/loader:1548:10)
    at Module.load (node:internal/modules/cjs/loader:1288:32)
    at Module._load (node:internal/modules/cjs/loader:1104:12)
    at Module.require (node:internal/modules/cjs/loader:1311:19)
    at require (node:internal/modules/helpers:179:18)
    at Object.<anonymous> (C:\Users\fruge\OneDrive\Documents\chequeo\backend\src\controllers\empresa.controller.js:4:18)
    at Module._compile (node:internal/modules/cjs/loader:1469:14)
    at Module._extensions..js (node:internal/modules/cjs/loader:1548:10)
2025-11-14 01:30:17 error: uncaughtException: Identifier 'rowHeight' has already been declared
C:\Users\fruge\OneDrive\Documents\chequeo\backend\src\utils\exporter.js:251
        const rowHeight = 20;
              ^

SyntaxError: Identifier 'rowHeight' has already been declared
    at wrapSafe (node:internal/modules/cjs/loader:1378:20)
    at Module._compile (node:internal/modules/cjs/loader:1428:41)
    at Module._extensions..js (node:internal/modules/cjs/loader:1548:10)
    at Module.load (node:internal/modules/cjs/loader:1288:32)
    at Module._load (node:internal/modules/cjs/loader:1104:12)
    at Module.require (node:internal/modules/cjs/loader:1311:19)
    at require (node:internal/modules/helpers:179:18)
    at Object.<anonymous> (C:\Users\fruge\OneDrive\Documents\chequeo\backend\src\controllers\empresa.controller.js:4:18)
    at Module._compile (node:internal/modules/cjs/loader:1469:14)
    at Module._extensions..js (node:internal/modules/cjs/loader:1548:10)
2025-11-14 01:30:18 error: uncaughtException: Identifier 'rowHeight' has already been declared
C:\Users\fruge\OneDrive\Documents\chequeo\backend\src\utils\exporter.js:251
        const rowHeight = 20;
              ^

SyntaxError: Identifier 'rowHeight' has already been declared
    at wrapSafe (node:internal/modules/cjs/loader:1378:20)
    at Module._compile (node:internal/modules/cjs/loader:1428:41)
    at Module._extensions..js (node:internal/modules/cjs/loader:1548:10)
    at Module.load (node:internal/modules/cjs/loader:1288:32)
    at Module._load (node:internal/modules/cjs/loader:1104:12)
    at Module.require (node:internal/modules/cjs/loader:1311:19)
    at require (node:internal/modules/helpers:179:18)
    at Object.<anonymous> (C:\Users\fruge\OneDrive\Documents\chequeo\backend\src\controllers\empresa.controller.js:4:18)
    at Module._compile (node:internal/modules/cjs/loader:1469:14)
    at Module._extensions..js (node:internal/modules/cjs/loader:1548:10)
2025-11-14 01:30:35 error: uncaughtException: Identifier 'rowHeight' has already been declared
C:\Users\fruge\OneDrive\Documents\chequeo\backend\src\utils\exporter.js:251
        const rowHeight = 20;
              ^

SyntaxError: Identifier 'rowHeight' has already been declared
    at wrapSafe (node:internal/modules/cjs/loader:1378:20)
    at Module._compile (node:internal/modules/cjs/loader:1428:41)
    at Module._extensions..js (node:internal/modules/cjs/loader:1548:10)
    at Module.load (node:internal/modules/cjs/loader:1288:32)
    at Module._load (node:internal/modules/cjs/loader:1104:12)
    at Module.require (node:internal/modules/cjs/loader:1311:19)
    at require (node:internal/modules/helpers:179:18)
    at Object.<anonymous> (C:\Users\fruge\OneDrive\Documents\chequeo\backend\src\controllers\empresa.controller.js:4:18)
    at Module._compile (node:internal/modules/cjs/loader:1469:14)
    at Module._extensions..js (node:internal/modules/cjs/loader:1548:10)
2025-11-14 01:30:35 error: uncaughtException: Identifier 'rowHeight' has already been declared
C:\Users\fruge\OneDrive\Documents\chequeo\backend\src\utils\exporter.js:251
        const rowHeight = 20;
              ^

SyntaxError: Identifier 'rowHeight' has already been declared
    at wrapSafe (node:internal/modules/cjs/loader:1378:20)
    at Module._compile (node:internal/modules/cjs/loader:1428:41)
    at Module._extensions..js (node:internal/modules/cjs/loader:1548:10)
    at Module.load (node:internal/modules/cjs/loader:1288:32)
    at Module._load (node:internal/modules/cjs/loader:1104:12)
    at Module.require (node:internal/modules/cjs/loader:1311:19)
    at require (node:internal/modules/helpers:179:18)
    at Object.<anonymous> (C:\Users\fruge\OneDrive\Documents\chequeo\backend\src\controllers\empresa.controller.js:4:18)
    at Module._compile (node:internal/modules/cjs/loader:1469:14)
    at Module._extensions..js (node:internal/modules/cjs/loader:1548:10)
2025-11-14 01:30:47 error: uncaughtException: Identifier 'rowHeight' has already been declared
C:\Users\fruge\OneDrive\Documents\chequeo\backend\src\utils\exporter.js:251
        const rowHeight = 20;
              ^

SyntaxError: Identifier 'rowHeight' has already been declared
    at wrapSafe (node:internal/modules/cjs/loader:1378:20)
    at Module._compile (node:internal/modules/cjs/loader:1428:41)
    at Module._extensions..js (node:internal/modules/cjs/loader:1548:10)
    at Module.load (node:internal/modules/cjs/loader:1288:32)
    at Module._load (node:internal/modules/cjs/loader:1104:12)
    at Module.require (node:internal/modules/cjs/loader:1311:19)
    at require (node:internal/modules/helpers:179:18)
    at Object.<anonymous> (C:\Users\fruge\OneDrive\Documents\chequeo\backend\src\controllers\empresa.controller.js:4:18)
    at Module._compile (node:internal/modules/cjs/loader:1469:14)
    at Module._extensions..js (node:internal/modules/cjs/loader:1548:10)
2025-11-14 01:30:47 error: uncaughtException: Identifier 'rowHeight' has already been declared
C:\Users\fruge\OneDrive\Documents\chequeo\backend\src\utils\exporter.js:251
        const rowHeight = 20;
              ^

SyntaxError: Identifier 'rowHeight' has already been declared
    at wrapSafe (node:internal/modules/cjs/loader:1378:20)
    at Module._compile (node:internal/modules/cjs/loader:1428:41)
    at Module._extensions..js (node:internal/modules/cjs/loader:1548:10)
    at Module.load (node:internal/modules/cjs/loader:1288:32)
    at Module._load (node:internal/modules/cjs/loader:1104:12)
    at Module.require (node:internal/modules/cjs/loader:1311:19)
    at require (node:internal/modules/helpers:179:18)
    at Object.<anonymous> (C:\Users\fruge\OneDrive\Documents\chequeo\backend\src\controllers\empresa.controller.js:4:18)
    at Module._compile (node:internal/modules/cjs/loader:1469:14)
    at Module._extensions..js (node:internal/modules/cjs/loader:1548:10)
2025-11-14 01:30:58 error: uncaughtException: Identifier 'rowHeight' has already been declared
C:\Users\fruge\OneDrive\Documents\chequeo\backend\src\utils\exporter.js:251
        const rowHeight = 20;
              ^

SyntaxError: Identifier 'rowHeight' has already been declared
    at wrapSafe (node:internal/modules/cjs/loader:1378:20)
    at Module._compile (node:internal/modules/cjs/loader:1428:41)
    at Module._extensions..js (node:internal/modules/cjs/loader:1548:10)
    at Module.load (node:internal/modules/cjs/loader:1288:32)
    at Module._load (node:internal/modules/cjs/loader:1104:12)
    at Module.require (node:internal/modules/cjs/loader:1311:19)
    at require (node:internal/modules/helpers:179:18)
    at Object.<anonymous> (C:\Users\fruge\OneDrive\Documents\chequeo\backend\src\controllers\empresa.controller.js:4:18)
    at Module._compile (node:internal/modules/cjs/loader:1469:14)
    at Module._extensions..js (node:internal/modules/cjs/loader:1548:10)
2025-11-14 01:30:58 error: uncaughtException: Identifier 'rowHeight' has already been declared
C:\Users\fruge\OneDrive\Documents\chequeo\backend\src\utils\exporter.js:251
        const rowHeight = 20;
              ^

SyntaxError: Identifier 'rowHeight' has already been declared
    at wrapSafe (node:internal/modules/cjs/loader:1378:20)
    at Module._compile (node:internal/modules/cjs/loader:1428:41)
    at Module._extensions..js (node:internal/modules/cjs/loader:1548:10)
    at Module.load (node:internal/modules/cjs/loader:1288:32)
    at Module._load (node:internal/modules/cjs/loader:1104:12)
    at Module.require (node:internal/modules/cjs/loader:1311:19)
    at require (node:internal/modules/helpers:179:18)
    at Object.<anonymous> (C:\Users\fruge\OneDrive\Documents\chequeo\backend\src\controllers\empresa.controller.js:4:18)
    at Module._compile (node:internal/modules/cjs/loader:1469:14)
    at Module._extensions..js (node:internal/modules/cjs/loader:1548:10)
2025-11-14 01:31:15 error: uncaughtException: Identifier 'rowHeight' has already been declared
C:\Users\fruge\OneDrive\Documents\chequeo\backend\src\utils\exporter.js:251
        const rowHeight = 20;
              ^

SyntaxError: Identifier 'rowHeight' has already been declared
    at wrapSafe (node:internal/modules/cjs/loader:1378:20)
    at Module._compile (node:internal/modules/cjs/loader:1428:41)
    at Module._extensions..js (node:internal/modules/cjs/loader:1548:10)
    at Module.load (node:internal/modules/cjs/loader:1288:32)
    at Module._load (node:internal/modules/cjs/loader:1104:12)
    at Module.require (node:internal/modules/cjs/loader:1311:19)
    at require (node:internal/modules/helpers:179:18)
    at Object.<anonymous> (C:\Users\fruge\OneDrive\Documents\chequeo\backend\src\controllers\empresa.controller.js:4:18)
    at Module._compile (node:internal/modules/cjs/loader:1469:14)
    at Module._extensions..js (node:internal/modules/cjs/loader:1548:10)
2025-11-14 01:31:15 error: uncaughtException: Identifier 'rowHeight' has already been declared
C:\Users\fruge\OneDrive\Documents\chequeo\backend\src\utils\exporter.js:251
        const rowHeight = 20;
              ^

SyntaxError: Identifier 'rowHeight' has already been declared
    at wrapSafe (node:internal/modules/cjs/loader:1378:20)
    at Module._compile (node:internal/modules/cjs/loader:1428:41)
    at Module._extensions..js (node:internal/modules/cjs/loader:1548:10)
    at Module.load (node:internal/modules/cjs/loader:1288:32)
    at Module._load (node:internal/modules/cjs/loader:1104:12)
    at Module.require (node:internal/modules/cjs/loader:1311:19)
    at require (node:internal/modules/helpers:179:18)
    at Object.<anonymous> (C:\Users\fruge\OneDrive\Documents\chequeo\backend\src\controllers\empresa.controller.js:4:18)
    at Module._compile (node:internal/modules/cjs/loader:1469:14)
    at Module._extensions..js (node:internal/modules/cjs/loader:1548:10)
2025-11-14 01:31:30 error: uncaughtException: Identifier 'rowHeight' has already been declared
C:\Users\fruge\OneDrive\Documents\chequeo\backend\src\utils\exporter.js:251
        const rowHeight = 20;
              ^

SyntaxError: Identifier 'rowHeight' has already been declared
    at wrapSafe (node:internal/modules/cjs/loader:1378:20)
    at Module._compile (node:internal/modules/cjs/loader:1428:41)
    at Module._extensions..js (node:internal/modules/cjs/loader:1548:10)
    at Module.load (node:internal/modules/cjs/loader:1288:32)
    at Module._load (node:internal/modules/cjs/loader:1104:12)
    at Module.require (node:internal/modules/cjs/loader:1311:19)
    at require (node:internal/modules/helpers:179:18)
    at Object.<anonymous> (C:\Users\fruge\OneDrive\Documents\chequeo\backend\src\controllers\empresa.controller.js:4:18)
    at Module._compile (node:internal/modules/cjs/loader:1469:14)
    at Module._extensions..js (node:internal/modules/cjs/loader:1548:10)
2025-11-14 01:31:30 error: uncaughtException: Identifier 'rowHeight' has already been declared
C:\Users\fruge\OneDrive\Documents\chequeo\backend\src\utils\exporter.js:251
        const rowHeight = 20;
              ^

SyntaxError: Identifier 'rowHeight' has already been declared
    at wrapSafe (node:internal/modules/cjs/loader:1378:20)
    at Module._compile (node:internal/modules/cjs/loader:1428:41)
    at Module._extensions..js (node:internal/modules/cjs/loader:1548:10)
    at Module.load (node:internal/modules/cjs/loader:1288:32)
    at Module._load (node:internal/modules/cjs/loader:1104:12)
    at Module.require (node:internal/modules/cjs/loader:1311:19)
    at require (node:internal/modules/helpers:179:18)
    at Object.<anonymous> (C:\Users\fruge\OneDrive\Documents\chequeo\backend\src\controllers\empresa.controller.js:4:18)
    at Module._compile (node:internal/modules/cjs/loader:1469:14)
    at Module._extensions..js (node:internal/modules/cjs/loader:1548:10)
2025-11-14 01:31:55 error: uncaughtException: Identifier 'rowHeight' has already been declared
C:\Users\fruge\OneDrive\Documents\chequeo\backend\src\utils\exporter.js:251
        const rowHeight = 20;
              ^

SyntaxError: Identifier 'rowHeight' has already been declared
    at wrapSafe (node:internal/modules/cjs/loader:1378:20)
    at Module._compile (node:internal/modules/cjs/loader:1428:41)
    at Module._extensions..js (node:internal/modules/cjs/loader:1548:10)
    at Module.load (node:internal/modules/cjs/loader:1288:32)
    at Module._load (node:internal/modules/cjs/loader:1104:12)
    at Module.require (node:internal/modules/cjs/loader:1311:19)
    at require (node:internal/modules/helpers:179:18)
    at Object.<anonymous> (C:\Users\fruge\OneDrive\Documents\chequeo\backend\src\controllers\empresa.controller.js:4:18)
    at Module._compile (node:internal/modules/cjs/loader:1469:14)
    at Module._extensions..js (node:internal/modules/cjs/loader:1548:10)
2025-11-14 01:31:55 error: uncaughtException: Identifier 'rowHeight' has already been declared
C:\Users\fruge\OneDrive\Documents\chequeo\backend\src\utils\exporter.js:251
        const rowHeight = 20;
              ^

SyntaxError: Identifier 'rowHeight' has already been declared
    at wrapSafe (node:internal/modules/cjs/loader:1378:20)
    at Module._compile (node:internal/modules/cjs/loader:1428:41)
    at Module._extensions..js (node:internal/modules/cjs/loader:1548:10)
    at Module.load (node:internal/modules/cjs/loader:1288:32)
    at Module._load (node:internal/modules/cjs/loader:1104:12)
    at Module.require (node:internal/modules/cjs/loader:1311:19)
    at require (node:internal/modules/helpers:179:18)
    at Object.<anonymous> (C:\Users\fruge\OneDrive\Documents\chequeo\backend\src\controllers\empresa.controller.js:4:18)
    at Module._compile (node:internal/modules/cjs/loader:1469:14)
    at Module._extensions..js (node:internal/modules/cjs/loader:1548:10)
2025-11-14 01:32:20 error: uncaughtException: Identifier 'rowHeight' has already been declared
C:\Users\fruge\OneDrive\Documents\chequeo\backend\src\utils\exporter.js:251
        const rowHeight = 20;
              ^

SyntaxError: Identifier 'rowHeight' has already been declared
    at wrapSafe (node:internal/modules/cjs/loader:1378:20)
    at Module._compile (node:internal/modules/cjs/loader:1428:41)
    at Module._extensions..js (node:internal/modules/cjs/loader:1548:10)
    at Module.load (node:internal/modules/cjs/loader:1288:32)
    at Module._load (node:internal/modules/cjs/loader:1104:12)
    at Module.require (node:internal/modules/cjs/loader:1311:19)
    at require (node:internal/modules/helpers:179:18)
    at Object.<anonymous> (C:\Users\fruge\OneDrive\Documents\chequeo\backend\src\controllers\empresa.controller.js:4:18)
    at Module._compile (node:internal/modules/cjs/loader:1469:14)
    at Module._extensions..js (node:internal/modules/cjs/loader:1548:10)
2025-11-14 01:32:20 error: uncaughtException: Identifier 'rowHeight' has already been declared
C:\Users\fruge\OneDrive\Documents\chequeo\backend\src\utils\exporter.js:251
        const rowHeight = 20;
              ^

SyntaxError: Identifier 'rowHeight' has already been declared
    at wrapSafe (node:internal/modules/cjs/loader:1378:20)
    at Module._compile (node:internal/modules/cjs/loader:1428:41)
    at Module._extensions..js (node:internal/modules/cjs/loader:1548:10)
    at Module.load (node:internal/modules/cjs/loader:1288:32)
    at Module._load (node:internal/modules/cjs/loader:1104:12)
    at Module.require (node:internal/modules/cjs/loader:1311:19)
    at require (node:internal/modules/helpers:179:18)
    at Object.<anonymous> (C:\Users\fruge\OneDrive\Documents\chequeo\backend\src\controllers\empresa.controller.js:4:18)
    at Module._compile (node:internal/modules/cjs/loader:1469:14)
    at Module._extensions..js (node:internal/modules/cjs/loader:1548:10)
2025-11-14 12:33:16 error: uncaughtException: EPIPE: broken pipe, write
Error: EPIPE: broken pipe, write
    at Socket._write (node:internal/net:61:18)
    at writeOrBuffer (node:internal/streams/writable:570:12)
    at _write (node:internal/streams/writable:499:10)
    at Writable.write (node:internal/streams/writable:508:10)
    at Array.logRequest (C:\Users\fruge\OneDrive\Documents\chequeo\backend\node_modules\morgan\index.js:130:14)
    at listener (C:\Users\fruge\OneDrive\Documents\chequeo\backend\node_modules\morgan\node_modules\on-finished\index.js:169:15)
    at onFinish (C:\Users\fruge\OneDrive\Documents\chequeo\backend\node_modules\morgan\node_modules\on-finished\index.js:100:5)
    at callback (C:\Users\fruge\OneDrive\Documents\chequeo\backend\node_modules\ee-first\index.js:55:10)
    at ServerResponse.onevent (C:\Users\fruge\OneDrive\Documents\chequeo\backend\node_modules\ee-first\index.js:93:5)
    at ServerResponse.emit (node:events:531:35)
    at onFinish (node:_http_outgoing:1027:10)
    at callback (node:internal/streams/writable:764:21)
    at afterWrite (node:internal/streams/writable:708:5)
    at afterWriteTick (node:internal/streams/writable:694:10)
    at process.processTicksAndRejections (node:internal/process/task_queues:81:21)
2025-11-17 01:32:40 error: uncaughtException: Identifier 'orderByMap' has already been declared
C:\Users\fruge\OneDrive\Documents\chequeo\backend\src\models\rechequeos.model.js:837
      const orderByMap = {
            ^

SyntaxError: Identifier 'orderByMap' has already been declared
    at wrapSafe (node:internal/modules/cjs/loader:1378:20)
    at Module._compile (node:internal/modules/cjs/loader:1428:41)
    at Module._extensions..js (node:internal/modules/cjs/loader:1548:10)
    at Module.load (node:internal/modules/cjs/loader:1288:32)
    at Module._load (node:internal/modules/cjs/loader:1104:12)
    at Module.require (node:internal/modules/cjs/loader:1311:19)
    at require (node:internal/modules/helpers:179:18)
    at Object.<anonymous> (C:\Users\fruge\OneDrive\Documents\chequeo\backend\src\controllers\rechequeos.controller.js:1:25)
    at Module._compile (node:internal/modules/cjs/loader:1469:14)
    at Module._extensions..js (node:internal/modules/cjs/loader:1548:10)
    at Module.load (node:internal/modules/cjs/loader:1288:32)
    at Module._load (node:internal/modules/cjs/loader:1104:12)
    at Module.require (node:internal/modules/cjs/loader:1311:19)
    at require (node:internal/modules/helpers:179:18)
    at Object.<anonymous> (C:\Users\fruge\OneDrive\Documents\chequeo\backend\src\routes\rechequeos.routes.js:3:30)
    at Module._compile (node:internal/modules/cjs/loader:1469:14)
2025-11-17 01:32:45 error: uncaughtException: Identifier 'orderByMap' has already been declared
C:\Users\fruge\OneDrive\Documents\chequeo\backend\src\models\rechequeos.model.js:832
      const orderByMap = {
            ^

SyntaxError: Identifier 'orderByMap' has already been declared
    at wrapSafe (node:internal/modules/cjs/loader:1378:20)
    at Module._compile (node:internal/modules/cjs/loader:1428:41)
    at Module._extensions..js (node:internal/modules/cjs/loader:1548:10)
    at Module.load (node:internal/modules/cjs/loader:1288:32)
    at Module._load (node:internal/modules/cjs/loader:1104:12)
    at Module.require (node:internal/modules/cjs/loader:1311:19)
    at require (node:internal/modules/helpers:179:18)
    at Object.<anonymous> (C:\Users\fruge\OneDrive\Documents\chequeo\backend\src\controllers\rechequeos.controller.js:1:25)
    at Module._compile (node:internal/modules/cjs/loader:1469:14)
    at Module._extensions..js (node:internal/modules/cjs/loader:1548:10)
    at Module.load (node:internal/modules/cjs/loader:1288:32)
    at Module._load (node:internal/modules/cjs/loader:1104:12)
    at Module.require (node:internal/modules/cjs/loader:1311:19)
    at require (node:internal/modules/helpers:179:18)
    at Object.<anonymous> (C:\Users\fruge\OneDrive\Documents\chequeo\backend\src\routes\rechequeos.routes.js:3:30)
    at Module._compile (node:internal/modules/cjs/loader:1469:14)
2025-11-18 01:11:37 error: uncaughtException: Unexpected identifier 'ei'
C:\Users\fruge\OneDrive\Documents\chequeo\backend\src\models\rechequeos.model.js:498
          ei.IdEmpresa,
          ^^

SyntaxError: Unexpected identifier 'ei'
    at wrapSafe (node:internal/modules/cjs/loader:1378:20)
    at Module._compile (node:internal/modules/cjs/loader:1428:41)
    at Module._extensions..js (node:internal/modules/cjs/loader:1548:10)
    at Module.load (node:internal/modules/cjs/loader:1288:32)
    at Module._load (node:internal/modules/cjs/loader:1104:12)
    at Module.require (node:internal/modules/cjs/loader:1311:19)
    at require (node:internal/modules/helpers:179:18)
    at Object.<anonymous> (C:\Users\fruge\OneDrive\Documents\chequeo\backend\src\controllers\rechequeos.controller.js:1:25)
    at Module._compile (node:internal/modules/cjs/loader:1469:14)
    at Module._extensions..js (node:internal/modules/cjs/loader:1548:10)
    at Module.load (node:internal/modules/cjs/loader:1288:32)
    at Module._load (node:internal/modules/cjs/loader:1104:12)
    at Module.require (node:internal/modules/cjs/loader:1311:19)
    at require (node:internal/modules/helpers:179:18)
    at Object.<anonymous> (C:\Users\fruge\OneDrive\Documents\chequeo\backend\src\routes\rechequeos.routes.js:3:30)
    at Module._compile (node:internal/modules/cjs/loader:1469:14)
2025-11-18 01:11:53 error: uncaughtException: Unexpected token '.'
C:\Users\fruge\OneDrive\Documents\chequeo\backend\src\models\rechequeos.model.js:497
          nm.Descripcion AS NivelMadurez,
            ^

SyntaxError: Unexpected token '.'
    at wrapSafe (node:internal/modules/cjs/loader:1378:20)
    at Module._compile (node:internal/modules/cjs/loader:1428:41)
    at Module._extensions..js (node:internal/modules/cjs/loader:1548:10)
    at Module.load (node:internal/modules/cjs/loader:1288:32)
    at Module._load (node:internal/modules/cjs/loader:1104:12)
    at Module.require (node:internal/modules/cjs/loader:1311:19)
    at require (node:internal/modules/helpers:179:18)
    at Object.<anonymous> (C:\Users\fruge\OneDrive\Documents\chequeo\backend\src\controllers\rechequeos.controller.js:1:25)
    at Module._compile (node:internal/modules/cjs/loader:1469:14)
    at Module._extensions..js (node:internal/modules/cjs/loader:1548:10)
    at Module.load (node:internal/modules/cjs/loader:1288:32)
    at Module._load (node:internal/modules/cjs/loader:1104:12)
    at Module.require (node:internal/modules/cjs/loader:1311:19)
    at require (node:internal/modules/helpers:179:18)
    at Object.<anonymous> (C:\Users\fruge\OneDrive\Documents\chequeo\backend\src\routes\rechequeos.routes.js:3:30)
    at Module._compile (node:internal/modules/cjs/loader:1469:14)
2025-11-18 01:12:19 error: uncaughtException: Missing initializer in const declaration
C:\Users\fruge\OneDrive\Documents\chequeo\backend\src\models\rechequeos.model.js:542
      const nm.Descripcion AS NivelMadurez,
            ^^

SyntaxError: Missing initializer in const declaration
    at wrapSafe (node:internal/modules/cjs/loader:1378:20)
    at Module._compile (node:internal/modules/cjs/loader:1428:41)
    at Module._extensions..js (node:internal/modules/cjs/loader:1548:10)
    at Module.load (node:internal/modules/cjs/loader:1288:32)
    at Module._load (node:internal/modules/cjs/loader:1104:12)
    at Module.require (node:internal/modules/cjs/loader:1311:19)
    at require (node:internal/modules/helpers:179:18)
    at Object.<anonymous> (C:\Users\fruge\OneDrive\Documents\chequeo\backend\src\controllers\rechequeos.controller.js:1:25)
    at Module._compile (node:internal/modules/cjs/loader:1469:14)
    at Module._extensions..js (node:internal/modules/cjs/loader:1548:10)
    at Module.load (node:internal/modules/cjs/loader:1288:32)
    at Module._load (node:internal/modules/cjs/loader:1104:12)
    at Module.require (node:internal/modules/cjs/loader:1311:19)
    at require (node:internal/modules/helpers:179:18)
    at Object.<anonymous> (C:\Users\fruge\OneDrive\Documents\chequeo\backend\src\routes\rechequeos.routes.js:3:30)
    at Module._compile (node:internal/modules/cjs/loader:1469:14)
2025-11-18 01:12:32 error: uncaughtException: Missing initializer in const declaration
C:\Users\fruge\OneDrive\Documents\chequeo\backend\src\models\rechequeos.model.js:542
      const nm.Descripcion AS NivelMadurez,
            ^^

SyntaxError: Missing initializer in const declaration
    at wrapSafe (node:internal/modules/cjs/loader:1378:20)
    at Module._compile (node:internal/modules/cjs/loader:1428:41)
    at Module._extensions..js (node:internal/modules/cjs/loader:1548:10)
    at Module.load (node:internal/modules/cjs/loader:1288:32)
    at Module._load (node:internal/modules/cjs/loader:1104:12)
    at Module.require (node:internal/modules/cjs/loader:1311:19)
    at require (node:internal/modules/helpers:179:18)
    at Object.<anonymous> (C:\Users\fruge\OneDrive\Documents\chequeo\backend\src\controllers\rechequeos.controller.js:1:25)
    at Module._compile (node:internal/modules/cjs/loader:1469:14)
    at Module._extensions..js (node:internal/modules/cjs/loader:1548:10)
    at Module.load (node:internal/modules/cjs/loader:1288:32)
    at Module._load (node:internal/modules/cjs/loader:1104:12)
    at Module.require (node:internal/modules/cjs/loader:1311:19)
    at require (node:internal/modules/helpers:179:18)
    at Object.<anonymous> (C:\Users\fruge\OneDrive\Documents\chequeo\backend\src\routes\rechequeos.routes.js:3:30)
    at Module._compile (node:internal/modules/cjs/loader:1469:14)
2025-11-18 01:13:12 error: uncaughtException: Missing initializer in const declaration
C:\Users\fruge\OneDrive\Documents\chequeo\backend\src\models\rechequeos.model.js:584
      const cnt AS (
            ^^^

SyntaxError: Missing initializer in const declaration
    at wrapSafe (node:internal/modules/cjs/loader:1378:20)
    at Module._compile (node:internal/modules/cjs/loader:1428:41)
    at Module._extensions..js (node:internal/modules/cjs/loader:1548:10)
    at Module.load (node:internal/modules/cjs/loader:1288:32)
    at Module._load (node:internal/modules/cjs/loader:1104:12)
    at Module.require (node:internal/modules/cjs/loader:1311:19)
    at require (node:internal/modules/helpers:179:18)
    at Object.<anonymous> (C:\Users\fruge\OneDrive\Documents\chequeo\backend\src\controllers\rechequeos.controller.js:1:25)
    at Module._compile (node:internal/modules/cjs/loader:1469:14)
    at Module._extensions..js (node:internal/modules/cjs/loader:1548:10)
    at Module.load (node:internal/modules/cjs/loader:1288:32)
    at Module._load (node:internal/modules/cjs/loader:1104:12)
    at Module.require (node:internal/modules/cjs/loader:1311:19)
    at require (node:internal/modules/helpers:179:18)
    at Object.<anonymous> (C:\Users\fruge\OneDrive\Documents\chequeo\backend\src\routes\rechequeos.routes.js:3:30)
    at Module._compile (node:internal/modules/cjs/loader:1469:14)
2025-11-18 01:13:56 error: uncaughtException: Missing initializer in const declaration
C:\Users\fruge\OneDrive\Documents\chequeo\backend\src\models\rechequeos.model.js:756
      const cnt AS (
            ^^^

SyntaxError: Missing initializer in const declaration
    at wrapSafe (node:internal/modules/cjs/loader:1378:20)
    at Module._compile (node:internal/modules/cjs/loader:1428:41)
    at Module._extensions..js (node:internal/modules/cjs/loader:1548:10)
    at Module.load (node:internal/modules/cjs/loader:1288:32)
    at Module._load (node:internal/modules/cjs/loader:1104:12)
    at Module.require (node:internal/modules/cjs/loader:1311:19)
    at require (node:internal/modules/helpers:179:18)
    at Object.<anonymous> (C:\Users\fruge\OneDrive\Documents\chequeo\backend\src\controllers\rechequeos.controller.js:1:25)
    at Module._compile (node:internal/modules/cjs/loader:1469:14)
    at Module._extensions..js (node:internal/modules/cjs/loader:1548:10)
    at Module.load (node:internal/modules/cjs/loader:1288:32)
    at Module._load (node:internal/modules/cjs/loader:1104:12)
    at Module.require (node:internal/modules/cjs/loader:1311:19)
    at require (node:internal/modules/helpers:179:18)
    at Object.<anonymous> (C:\Users\fruge\OneDrive\Documents\chequeo\backend\src\routes\rechequeos.routes.js:3:30)
    at Module._compile (node:internal/modules/cjs/loader:1469:14)
2025-11-18 01:14:23 error: uncaughtException: Missing initializer in const declaration
C:\Users\fruge\OneDrive\Documents\chequeo\backend\src\models\rechequeos.model.js:787
      const cnt AS (
            ^^^

SyntaxError: Missing initializer in const declaration
    at wrapSafe (node:internal/modules/cjs/loader:1378:20)
    at Module._compile (node:internal/modules/cjs/loader:1428:41)
    at Module._extensions..js (node:internal/modules/cjs/loader:1548:10)
    at Module.load (node:internal/modules/cjs/loader:1288:32)
    at Module._load (node:internal/modules/cjs/loader:1104:12)
    at Module.require (node:internal/modules/cjs/loader:1311:19)
    at require (node:internal/modules/helpers:179:18)
    at Object.<anonymous> (C:\Users\fruge\OneDrive\Documents\chequeo\backend\src\controllers\rechequeos.controller.js:1:25)
    at Module._compile (node:internal/modules/cjs/loader:1469:14)
    at Module._extensions..js (node:internal/modules/cjs/loader:1548:10)
    at Module.load (node:internal/modules/cjs/loader:1288:32)
    at Module._load (node:internal/modules/cjs/loader:1104:12)
    at Module.require (node:internal/modules/cjs/loader:1311:19)
    at require (node:internal/modules/helpers:179:18)
    at Object.<anonymous> (C:\Users\fruge\OneDrive\Documents\chequeo\backend\src\routes\rechequeos.routes.js:3:30)
    at Module._compile (node:internal/modules/cjs/loader:1469:14)
2025-11-18 02:07:56 error: uncaughtException: Unexpected token 'async'
C:\Users\fruge\OneDrive\Documents\chequeo\backend\src\models\rechequeos.model.js:729
  static async getEvolutionSeries_OLD(filters = {}, category = 'tamano') {
         ^^^^^

SyntaxError: Unexpected token 'async'
    at wrapSafe (node:internal/modules/cjs/loader:1378:20)
    at Module._compile (node:internal/modules/cjs/loader:1428:41)
    at Module._extensions..js (node:internal/modules/cjs/loader:1548:10)
    at Module.load (node:internal/modules/cjs/loader:1288:32)
    at Module._load (node:internal/modules/cjs/loader:1104:12)
    at Module.require (node:internal/modules/cjs/loader:1311:19)
    at require (node:internal/modules/helpers:179:18)
    at Object.<anonymous> (C:\Users\fruge\OneDrive\Documents\chequeo\backend\src\controllers\rechequeos.controller.js:1:25)
    at Module._compile (node:internal/modules/cjs/loader:1469:14)
    at Module._extensions..js (node:internal/modules/cjs/loader:1548:10)
    at Module.load (node:internal/modules/cjs/loader:1288:32)
    at Module._load (node:internal/modules/cjs/loader:1104:12)
    at Module.require (node:internal/modules/cjs/loader:1311:19)
    at require (node:internal/modules/helpers:179:18)
    at Object.<anonymous> (C:\Users\fruge\OneDrive\Documents\chequeo\backend\src\routes\rechequeos.routes.js:3:30)
    at Module._compile (node:internal/modules/cjs/loader:1469:14)
2025-11-19 01:41:30 error: uncaughtException: authenticateToken is not defined
ReferenceError: authenticateToken is not defined
    at Object.<anonymous> (C:\Users\fruge\OneDrive\Documents\chequeo\backend\src\routes\rechequeos.routes.js:104:21)
    at Module._compile (node:internal/modules/cjs/loader:1469:14)
    at Module._extensions..js (node:internal/modules/cjs/loader:1548:10)
    at Module.load (node:internal/modules/cjs/loader:1288:32)
    at Module._load (node:internal/modules/cjs/loader:1104:12)
    at Module.require (node:internal/modules/cjs/loader:1311:19)
    at require (node:internal/modules/helpers:179:18)
    at Object.<anonymous> (C:\Users\fruge\OneDrive\Documents\chequeo\backend\src\routes\index.js:9:26)
    at Module._compile (node:internal/modules/cjs/loader:1469:14)
    at Module._extensions..js (node:internal/modules/cjs/loader:1548:10)
    at Module.load (node:internal/modules/cjs/loader:1288:32)
    at Module._load (node:internal/modules/cjs/loader:1104:12)
    at Module.require (node:internal/modules/cjs/loader:1311:19)
    at require (node:internal/modules/helpers:179:18)
    at Object.<anonymous> (C:\Users\fruge\OneDrive\Documents\chequeo\backend\src\server.js:13:16)
    at Module._compile (node:internal/modules/cjs/loader:1469:14)
2025-11-19 01:41:42 error: uncaughtException: authenticateToken is not defined
ReferenceError: authenticateToken is not defined
    at Object.<anonymous> (C:\Users\fruge\OneDrive\Documents\chequeo\backend\src\routes\encuesta.routes.js:67:44)
    at Module._compile (node:internal/modules/cjs/loader:1469:14)
    at Module._extensions..js (node:internal/modules/cjs/loader:1548:10)
    at Module.load (node:internal/modules/cjs/loader:1288:32)
    at Module._load (node:internal/modules/cjs/loader:1104:12)
    at Module.require (node:internal/modules/cjs/loader:1311:19)
    at require (node:internal/modules/helpers:179:18)
    at Object.<anonymous> (C:\Users\fruge\OneDrive\Documents\chequeo\backend\src\routes\index.js:5:24)
    at Module._compile (node:internal/modules/cjs/loader:1469:14)
    at Module._extensions..js (node:internal/modules/cjs/loader:1548:10)
    at Module.load (node:internal/modules/cjs/loader:1288:32)
    at Module._load (node:internal/modules/cjs/loader:1104:12)
    at Module.require (node:internal/modules/cjs/loader:1311:19)
    at require (node:internal/modules/helpers:179:18)
    at Object.<anonymous> (C:\Users\fruge\OneDrive\Documents\chequeo\backend\src\server.js:13:16)
    at Module._compile (node:internal/modules/cjs/loader:1469:14)
2025-11-19 01:41:52 error: uncaughtException: authenticateToken is not defined
ReferenceError: authenticateToken is not defined
    at Object.<anonymous> (C:\Users\fruge\OneDrive\Documents\chequeo\backend\src\routes\catalogos.routes.js:40:31)
    at Module._compile (node:internal/modules/cjs/loader:1469:14)
    at Module._extensions..js (node:internal/modules/cjs/loader:1548:10)
    at Module.load (node:internal/modules/cjs/loader:1288:32)
    at Module._load (node:internal/modules/cjs/loader:1104:12)
    at Module.require (node:internal/modules/cjs/loader:1311:19)
    at require (node:internal/modules/helpers:179:18)
    at Object.<anonymous> (C:\Users\fruge\OneDrive\Documents\chequeo\backend\src\routes\index.js:10:25)
    at Module._compile (node:internal/modules/cjs/loader:1469:14)
    at Module._extensions..js (node:internal/modules/cjs/loader:1548:10)
    at Module.load (node:internal/modules/cjs/loader:1288:32)
    at Module._load (node:internal/modules/cjs/loader:1104:12)
    at Module.require (node:internal/modules/cjs/loader:1311:19)
    at require (node:internal/modules/helpers:179:18)
    at Object.<anonymous> (C:\Users\fruge\OneDrive\Documents\chequeo\backend\src\server.js:13:16)
    at Module._compile (node:internal/modules/cjs/loader:1469:14)
2025-11-19 01:42:03 error: uncaughtException: authenticateToken is not defined
ReferenceError: authenticateToken is not defined
    at Object.<anonymous> (C:\Users\fruge\OneDrive\Documents\chequeo\backend\src\routes\grafico.routes.js:54:54)
    at Module._compile (node:internal/modules/cjs/loader:1469:14)
    at Module._extensions..js (node:internal/modules/cjs/loader:1548:10)
    at Module.load (node:internal/modules/cjs/loader:1288:32)
    at Module._load (node:internal/modules/cjs/loader:1104:12)
    at Module.require (node:internal/modules/cjs/loader:1311:19)
    at require (node:internal/modules/helpers:179:18)
    at Object.<anonymous> (C:\Users\fruge\OneDrive\Documents\chequeo\backend\src\routes\index.js:6:23)
    at Module._compile (node:internal/modules/cjs/loader:1469:14)
    at Module._extensions..js (node:internal/modules/cjs/loader:1548:10)
    at Module.load (node:internal/modules/cjs/loader:1288:32)
    at Module._load (node:internal/modules/cjs/loader:1104:12)
    at Module.require (node:internal/modules/cjs/loader:1311:19)
    at require (node:internal/modules/helpers:179:18)
    at Object.<anonymous> (C:\Users\fruge\OneDrive\Documents\chequeo\backend\src\server.js:13:16)
    at Module._compile (node:internal/modules/cjs/loader:1469:14)
2025-11-19 03:25:34 error: uncaughtException: Cannot find module '../models/rechequeos.model.optimized.v2'
Require stack:
- C:\Users\fruge\OneDrive\Documents\chequeo\backend\src\controllers\rechequeos.controller.js
- C:\Users\fruge\OneDrive\Documents\chequeo\backend\src\routes\rechequeos.routes.js
- C:\Users\fruge\OneDrive\Documents\chequeo\backend\src\routes\index.js
- C:\Users\fruge\OneDrive\Documents\chequeo\backend\src\server.js
Error: Cannot find module '../models/rechequeos.model.optimized.v2'
Require stack:
- C:\Users\fruge\OneDrive\Documents\chequeo\backend\src\controllers\rechequeos.controller.js
- C:\Users\fruge\OneDrive\Documents\chequeo\backend\src\routes\rechequeos.routes.js
- C:\Users\fruge\OneDrive\Documents\chequeo\backend\src\routes\index.js
- C:\Users\fruge\OneDrive\Documents\chequeo\backend\src\server.js
    at Module._resolveFilename (node:internal/modules/cjs/loader:1225:15)
    at Module._load (node:internal/modules/cjs/loader:1051:27)
    at Module.require (node:internal/modules/cjs/loader:1311:19)
    at require (node:internal/modules/helpers:179:18)
    at Object.<anonymous> (C:\Users\fruge\OneDrive\Documents\chequeo\backend\src\controllers\rechequeos.controller.js:2:36)
    at Module._compile (node:internal/modules/cjs/loader:1469:14)
    at Module._extensions..js (node:internal/modules/cjs/loader:1548:10)
    at Module.load (node:internal/modules/cjs/loader:1288:32)
    at Module._load (node:internal/modules/cjs/loader:1104:12)
    at Module.require (node:internal/modules/cjs/loader:1311:19)
    at require (node:internal/modules/helpers:179:18)
    at Object.<anonymous> (C:\Users\fruge\OneDrive\Documents\chequeo\backend\src\routes\rechequeos.routes.js:3:30)
    at Module._compile (node:internal/modules/cjs/loader:1469:14)
    at Module._extensions..js (node:internal/modules/cjs/loader:1548:10)
    at Module.load (node:internal/modules/cjs/loader:1288:32)
    at Module._load (node:internal/modules/cjs/loader:1104:12)
2025-11-19 03:26:12 error: uncaughtException: Cannot find module '../models/rechequeos.model.optimized.v2'
Require stack:
- C:\Users\fruge\OneDrive\Documents\chequeo\backend\src\controllers\rechequeos.controller.js
- C:\Users\fruge\OneDrive\Documents\chequeo\backend\src\routes\rechequeos.routes.js
- C:\Users\fruge\OneDrive\Documents\chequeo\backend\src\routes\index.js
- C:\Users\fruge\OneDrive\Documents\chequeo\backend\src\server.js
Error: Cannot find module '../models/rechequeos.model.optimized.v2'
Require stack:
- C:\Users\fruge\OneDrive\Documents\chequeo\backend\src\controllers\rechequeos.controller.js
- C:\Users\fruge\OneDrive\Documents\chequeo\backend\src\routes\rechequeos.routes.js
- C:\Users\fruge\OneDrive\Documents\chequeo\backend\src\routes\index.js
- C:\Users\fruge\OneDrive\Documents\chequeo\backend\src\server.js
    at Module._resolveFilename (node:internal/modules/cjs/loader:1225:15)
    at Module._load (node:internal/modules/cjs/loader:1051:27)
    at Module.require (node:internal/modules/cjs/loader:1311:19)
    at require (node:internal/modules/helpers:179:18)
    at Object.<anonymous> (C:\Users\fruge\OneDrive\Documents\chequeo\backend\src\controllers\rechequeos.controller.js:2:36)
    at Module._compile (node:internal/modules/cjs/loader:1469:14)
    at Module._extensions..js (node:internal/modules/cjs/loader:1548:10)
    at Module.load (node:internal/modules/cjs/loader:1288:32)
    at Module._load (node:internal/modules/cjs/loader:1104:12)
    at Module.require (node:internal/modules/cjs/loader:1311:19)
    at require (node:internal/modules/helpers:179:18)
    at Object.<anonymous> (C:\Users\fruge\OneDrive\Documents\chequeo\backend\src\routes\rechequeos.routes.js:3:30)
    at Module._compile (node:internal/modules/cjs/loader:1469:14)
    at Module._extensions..js (node:internal/modules/cjs/loader:1548:10)
    at Module.load (node:internal/modules/cjs/loader:1288:32)
    at Module._load (node:internal/modules/cjs/loader:1104:12)
2025-11-19 03:26:30 error: uncaughtException: Cannot find module '../models/rechequeos.model.optimized.v2'
Require stack:
- C:\Users\fruge\OneDrive\Documents\chequeo\backend\src\controllers\rechequeos.controller.js
- C:\Users\fruge\OneDrive\Documents\chequeo\backend\src\routes\rechequeos.routes.js
- C:\Users\fruge\OneDrive\Documents\chequeo\backend\src\routes\index.js
- C:\Users\fruge\OneDrive\Documents\chequeo\backend\src\server.js
Error: Cannot find module '../models/rechequeos.model.optimized.v2'
Require stack:
- C:\Users\fruge\OneDrive\Documents\chequeo\backend\src\controllers\rechequeos.controller.js
- C:\Users\fruge\OneDrive\Documents\chequeo\backend\src\routes\rechequeos.routes.js
- C:\Users\fruge\OneDrive\Documents\chequeo\backend\src\routes\index.js
- C:\Users\fruge\OneDrive\Documents\chequeo\backend\src\server.js
    at Module._resolveFilename (node:internal/modules/cjs/loader:1225:15)
    at Module._load (node:internal/modules/cjs/loader:1051:27)
    at Module.require (node:internal/modules/cjs/loader:1311:19)
    at require (node:internal/modules/helpers:179:18)
    at Object.<anonymous> (C:\Users\fruge\OneDrive\Documents\chequeo\backend\src\controllers\rechequeos.controller.js:2:36)
    at Module._compile (node:internal/modules/cjs/loader:1469:14)
    at Module._extensions..js (node:internal/modules/cjs/loader:1548:10)
    at Module.load (node:internal/modules/cjs/loader:1288:32)
    at Module._load (node:internal/modules/cjs/loader:1104:12)
    at Module.require (node:internal/modules/cjs/loader:1311:19)
    at require (node:internal/modules/helpers:179:18)
    at Object.<anonymous> (C:\Users\fruge\OneDrive\Documents\chequeo\backend\src\routes\rechequeos.routes.js:3:30)
    at Module._compile (node:internal/modules/cjs/loader:1469:14)
    at Module._extensions..js (node:internal/modules/cjs/loader:1548:10)
    at Module.load (node:internal/modules/cjs/loader:1288:32)
    at Module._load (node:internal/modules/cjs/loader:1104:12)
